#
# There is insufficient memory for the Java Runtime Environment to continue.
# Native memory allocation (mmap) failed to map 134217728 bytes for Failed to commit area from 0x0000000080800000 to 0x0000000088800000 of length 134217728.
# Possible reasons:
#   The system is out of physical RAM or swap space
#   The process is running with CompressedOops enabled, and the Java Heap may be blocking the growth of the native heap
# Possible solutions:
#   Reduce memory load on the system
#   Increase physical memory or swap space
#   Check if swap backing store is full
#   Decrease Java heap size (-Xmx/-Xms)
#   Decrease number of Java threads
#   Decrease Java thread stack sizes (-Xss)
#   Set larger code cache with -XX:ReservedCodeCacheSize=
# This output file may be truncated or incomplete.
#
#  Out of Memory Error (t:/workspace/open/src/hotspot/os/windows/os_windows.cpp:3269), pid=10744, tid=5208
#
# JRE version:  (11.0+28) (build )
# Java VM: OpenJDK 64-Bit Server VM (11+28, mixed mode, aot, sharing, tiered, compressed oops, g1 gc, windows-amd64)
# No core dump will be written. Minidumps are not enabled by default on client versions of Windows
#

---------------  S U M M A R Y ------------

Command Line: -Dmaven.multiModuleProjectDirectory=c:\Users\Leandro\projects\java\rdb-backend-quarkus org.apache.maven.wrapper.MavenWrapperMain help:effective-pom -Doutput=c:\Users\Leandro\AppData\Roaming\Code\User\workspaceStorage\82925b5c613fd20aef62a3854db90507\vscjava.vscode-maven\71a07ae8efe4c2162ccbeb8c78053bf8 -f c:\Users\Leandro\projects\java\rdb-backend-quarkus\pom.xml

Host: Intel(R) Xeon(R) CPU E3-1220 v3 @ 3.10GHz, 4 cores, 7G,  Windows 10 , 64 bit Build 19041 (10.0.19041.292)
Time: Sat Oct 24 14:07:16 2020 Central Brazilian Standard Time elapsed time: 0 seconds (0d 0h 0m 0s)

---------------  T H R E A D  ---------------

Current thread (0x000001c24af62000):  JavaThread "Unknown thread" [_thread_in_vm, id=5208, stack(0x0000003aaf100000,0x0000003aaf200000)]

Stack: [0x0000003aaf100000,0x0000003aaf200000]
Native frames: (J=compiled Java code, j=interpreted, Vv=VM code, C=native code)
V  [jvm.dll+0x63adaa]
V  [jvm.dll+0x77852f]
V  [jvm.dll+0x779b18]
V  [jvm.dll+0x77a1d3]
V  [jvm.dll+0x2624c8]
V  [jvm.dll+0x63825a]
V  [jvm.dll+0x62cb15]
V  [jvm.dll+0x31563c]
V  [jvm.dll+0x3154c2]
V  [jvm.dll+0x31ad36]
V  [jvm.dll+0x36726f]
V  [jvm.dll+0x366c90]
V  [jvm.dll+0x2f2378]
V  [jvm.dll+0x2f34d6]
V  [jvm.dll+0x7517d7]
V  [jvm.dll+0x752f1f]
V  [jvm.dll+0x374099]
V  [jvm.dll+0x738059]
V  [jvm.dll+0x3e35fd]
V  [jvm.dll+0x3e5961]
C  [java.exe+0x3603]
C  [java.exe+0x1746c]
C  [KERNEL32.DLL+0x16fd4]
C  [ntdll.dll+0x4cec1]


---------------  P R O C E S S  ---------------

Threads class SMR info:
_java_thread_list=0x000001c2496d1d70, length=0, elements={
}

Java Threads: ( => current thread )

Other Threads:
  0x000001c24af78000 GCTaskThread "GC Thread#0" [stack: 0x0000003aaf200000,0x0000003aaf300000] [id=9328]
  0x000001c24afaa000 ConcurrentGCThread "G1 Main Marker" [stack: 0x0000003aaf300000,0x0000003aaf400000] [id=6836]
  0x000001c24afab800 ConcurrentGCThread "G1 Conc#0" [stack: 0x0000003aaf400000,0x0000003aaf500000] [id=4688]

[error occurred during error reporting (printing all threads), id 0xc0000005, EXCEPTION_ACCESS_VIOLATION (0xc0000005) at pc=0x00007ffcd40a0d37]

VM state:not at safepoint (not fully initialized)

VM Mutex/Monitor currently owned by a thread:  ([mutex/lock_event])
[0x000001c24af600a0] Heap_lock - owner thread: 0x000001c24af62000

Heap address: 0x0000000080800000, size: 2040 MB, Compressed Oops mode: Non-zero based: 0x0000000080800000
Narrow klass base: 0x0000000000000000, Narrow klass shift: 0

GC Heap History (0 events):
No events

Deoptimization events (0 events):
No events

Classes redefined (0 events):
No events

Internal exceptions (0 events):
No events

Events (0 events):
No events


Dynamic libraries:
0x00007ff649b80000 - 0x00007ff649bc5000 	C:\Users\Leandro\.dev\jdk-11\bin\java.exe
0x00007ffd01db0000 - 0x00007ffd01fa4000 	C:\Windows\SYSTEM32\ntdll.dll
0x00007ffd00610000 - 0x00007ffd006cd000 	C:\Windows\System32\KERNEL32.DLL
0x00007ffcffa40000 - 0x00007ffcffd07000 	C:\Windows\System32\KERNELBASE.dll
0x00007ffcfffa0000 - 0x00007ffd00140000 	C:\Windows\System32\USER32.dll
0x00007ffcff810000 - 0x00007ffcff832000 	C:\Windows\System32\win32u.dll
0x00007ffd01c10000 - 0x00007ffd01c3a000 	C:\Windows\System32\GDI32.dll
0x00007ffcffd10000 - 0x00007ffcffe1a000 	C:\Windows\System32\gdi32full.dll
0x00007ffcff840000 - 0x00007ffcff8dd000 	C:\Windows\System32\msvcp_win.dll
0x00007ffcff500000 - 0x00007ffcff600000 	C:\Windows\System32\ucrtbase.dll
0x00007ffcee170000 - 0x00007ffcee40a000 	C:\Windows\WinSxS\amd64_microsoft.windows.common-controls_6595b64144ccf1df_6.0.19041.1_none_b555e41d4684ddec\COMCTL32.dll
0x00007ffcfff00000 - 0x00007ffcfff9e000 	C:\Windows\System32\msvcrt.dll
0x00007ffcffe20000 - 0x00007ffcffe50000 	C:\Windows\System32\IMM32.DLL
0x00007ffcf8400000 - 0x00007ffcf8416000 	C:\Users\Leandro\.dev\jdk-11\bin\vcruntime140.dll
0x00007ffce3ae0000 - 0x00007ffce3b8a000 	C:\Users\Leandro\.dev\jdk-11\bin\msvcp140.dll
0x00007ffcd3da0000 - 0x00007ffcd48e1000 	C:\Users\Leandro\.dev\jdk-11\bin\server\jvm.dll
0x00007ffd01330000 - 0x00007ffd013da000 	C:\Windows\System32\ADVAPI32.dll
0x00007ffd01480000 - 0x00007ffd0151b000 	C:\Windows\System32\sechost.dll
0x00007ffd01920000 - 0x00007ffd01a43000 	C:\Windows\System32\RPCRT4.dll
0x00007ffd01520000 - 0x00007ffd01528000 	C:\Windows\System32\PSAPI.DLL
0x00007ffcf8db0000 - 0x00007ffcf8db9000 	C:\Windows\SYSTEM32\WSOCK32.dll
0x00007ffd00f40000 - 0x00007ffd00fab000 	C:\Windows\System32\WS2_32.dll
0x00007ffcf3d50000 - 0x00007ffcf3d77000 	C:\Windows\SYSTEM32\WINMM.dll
0x00007ffcf9700000 - 0x00007ffcf970a000 	C:\Windows\SYSTEM32\VERSION.dll
0x00007ffcfd4a0000 - 0x00007ffcfd4b3000 	C:\Windows\SYSTEM32\kernel.appcore.dll
0x00007ffcf8130000 - 0x00007ffcf8141000 	C:\Users\Leandro\.dev\jdk-11\bin\verify.dll
0x00007ffcf1fd0000 - 0x00007ffcf21b4000 	C:\Windows\SYSTEM32\DBGHELP.DLL
0x00007ffcf1d70000 - 0x00007ffcf1d9c000 	C:\Windows\SYSTEM32\dbgcore.DLL
0x00007ffcff630000 - 0x00007ffcff6af000 	C:\Windows\System32\bcryptPrimitives.dll
0x00007ffceb0b0000 - 0x00007ffceb0d8000 	C:\Users\Leandro\.dev\jdk-11\bin\java.dll
0x00007ffcf57c0000 - 0x00007ffcf57d6000 	C:\Users\Leandro\.dev\jdk-11\bin\zip.dll
0x00007ffcf8120000 - 0x00007ffcf812a000 	C:\Users\Leandro\.dev\jdk-11\bin\jimage.dll

dbghelp: loaded successfully - version: 4.0.5 - missing functions: none
symbol engine: initialized successfully - sym options: 0x614 - pdb path: .;C:\Users\Leandro\.dev\jdk-11\bin;C:\Windows\SYSTEM32;C:\Windows\WinSxS\amd64_microsoft.windows.common-controls_6595b64144ccf1df_6.0.19041.1_none_b555e41d4684ddec;C:\Users\Leandro\.dev\jdk-11\bin\server

VM Arguments:
jvm_args: -Dmaven.multiModuleProjectDirectory=c:\Users\Leandro\projects\java\rdb-backend-quarkus 
java_command: org.apache.maven.wrapper.MavenWrapperMain help:effective-pom -Doutput=c:\Users\Leandro\AppData\Roaming\Code\User\workspaceStorage\82925b5c613fd20aef62a3854db90507\vscjava.vscode-maven\71a07ae8efe4c2162ccbeb8c78053bf8 -f c:\Users\Leandro\projects\java\rdb-backend-quarkus\pom.xml
java_class_path (initial): c:\Users\Leandro\projects\java\rdb-backend-quarkus\.mvn\wrapper\maven-wrapper.jar
Launcher Type: SUN_STANDARD

[Global flags]
     intx CICompilerCount                          = 3                                         {product} {ergonomic}
     uint ConcGCThreads                            = 1                                         {product} {ergonomic}
     uint G1ConcRefinementThreads                  = 4                                         {product} {ergonomic}
   size_t G1HeapRegionSize                         = 1048576                                   {product} {ergonomic}
    uintx GCDrainStackTargetSize                   = 64                                        {product} {ergonomic}
   size_t InitialHeapSize                          = 134217728                                 {product} {ergonomic}
   size_t MarkStackSize                            = 4194304                                   {product} {ergonomic}
   size_t MaxHeapSize                              = 2139095040                                {product} {ergonomic}
   size_t MinHeapDeltaBytes                        = 1048576                                   {product} {ergonomic}
    uintx NonNMethodCodeHeapSize                   = 5830092                                {pd product} {ergonomic}
    uintx NonProfiledCodeHeapSize                  = 122914074                              {pd product} {ergonomic}
    uintx ProfiledCodeHeapSize                     = 122914074                              {pd product} {ergonomic}
    uintx ReservedCodeCacheSize                    = 251658240                              {pd product} {ergonomic}
     bool SegmentedCodeCache                       = true                                      {product} {ergonomic}
     bool UseCompressedClassPointers               = true                                 {lp64_product} {ergonomic}
     bool UseCompressedOops                        = true                                 {lp64_product} {ergonomic}
     bool UseG1GC                                  = true                                      {product} {ergonomic}
     bool UseLargePagesIndividualAllocation        = false                                  {pd product} {ergonomic}

Logging:
Log output configuration:
 #0: stdout all=warning uptime,level,tags
 #1: stderr all=off uptime,level,tags

Environment Variables:
JAVA_HOME=C:\Users\Leandro\.dev\jdk-11
PATH=C:\Program Files (x86)\Embarcadero\Studio\20.0\bin;C:\Users\Leandro\Documents\Embarcadero\Studio\20.0\Bpl;C:\Windows\system32;C:\Windows;C:\Windows\System32\Wbem;C:\Windows\System32\WindowsPowerShell\v1.0\;C:\Windows\System32\OpenSSH\;C:\Program Files\TortoiseSVN\bin;C:\Users\Leandro\.dev\jdk-11\bin;C:\Users\Leandro\.dev\dart-sdk\bin;C:\Users\Leandro\.dev\flutter\bin;C:\Users\Leandro\.dev\cmder;C:\Users\Leandro\.dev\apache-maven-3.6.3\bin;C:\Program Files\dotnet\;C:\Program Files (x86)\NVIDIA Corporation\PhysX\Common;C:\Users\Public\Documents\Embarcadero\Studio\20.0\Bpl;C:\Users\Leandro\AppData\Local\Microsoft\WindowsApps;;C:\Users\Leandro\.dev\Microsoft VS Code\bin;C:\Users\Leandro\.dotnet\tools
USERNAME=Leandro
OS=Windows_NT
PROCESSOR_IDENTIFIER=Intel64 Family 6 Model 60 Stepping 3, GenuineIntel



---------------  S Y S T E M  ---------------

OS: Windows 10 , 64 bit Build 19041 (10.0.19041.292)

CPU:total 4 (initial active 4) (4 cores per cpu, 1 threads per core) family 6 model 60 stepping 3, cmov, cx8, fxsr, mmx, sse, sse2, sse3, ssse3, sse4.1, sse4.2, popcnt, avx, avx2, aes, clmul, erms, lzcnt, tsc, tscinvbit, bmi1, bmi2, fma

Memory: 4k page, system-wide physical 8157M (1537M free)
TotalPageFile size 9181M (AvailPageFile size 64M)
current process WorkingSet (physical memory assigned to process): 9M, peak: 9M
current process commit charge ("private bytes"): 51M, peak: 179M

vm_info: OpenJDK 64-Bit Server VM (11+28) for windows-amd64 JRE (11+28), built on Aug 23 2018 03:04:58 by "mach5one" with MS VC++ 15.5 (VS2017)

END.
