#
# There is insufficient memory for the Java Runtime Environment to continue.
# Native memory allocation (malloc) failed to allocate 65552 bytes for Chunk::new
# Possible reasons:
#   The system is out of physical RAM or swap space
#   The process is running with CompressedOops enabled, and the Java Heap may be blocking the growth of the native heap
# Possible solutions:
#   Reduce memory load on the system
#   Increase physical memory or swap space
#   Check if swap backing store is full
#   Decrease Java heap size (-Xmx/-Xms)
#   Decrease number of Java threads
#   Decrease Java thread stack sizes (-Xss)
#   Set larger code cache with -XX:ReservedCodeCacheSize=
#   JVM is running with Unscaled Compressed Oops mode in which the Java heap is
#     placed in the first 4GB address space. The Java Heap base address is the
#     maximum limit for the native heap growth. Please use -XX:HeapBaseMinAddress
#     to set the Java Heap base and to place the Java Heap above 4GB virtual address.
# This output file may be truncated or incomplete.
#
#  Out of Memory Error (t:/workspace/open/src/hotspot/share/memory/arena.cpp:197), pid=8012, tid=3116
#
# JRE version: OpenJDK Runtime Environment (11.0+28) (build 11+28)
# Java VM: OpenJDK 64-Bit Server VM (11+28, mixed mode, tiered, compressed oops, g1 gc, windows-amd64)
# No core dump will be written. Minidumps are not enabled by default on client versions of Windows
#

---------------  S U M M A R Y ------------

Command Line: -Dmaven.multiModuleProjectDirectory=C:\Users\Leandro\projects\java\rdb-backend-quarkus org.apache.maven.wrapper.MavenWrapperMain quarkus:dev

Host: Intel(R) Xeon(R) CPU E3-1220 v3 @ 3.10GHz, 4 cores, 7G,  Windows 10 , 64 bit Build 19041 (10.0.19041.292)
Time: Sat Oct 24 20:47:54 2020 Central Brazilian Standard Time elapsed time: 29 seconds (0d 0h 0m 29s)

---------------  T H R E A D  ---------------

Current thread (0x0000015c821cf000):  JavaThread "C2 CompilerThread0" daemon [_thread_in_native, id=3116, stack(0x0000001c8a100000,0x0000001c8a200000)]


Current CompileTask:
C2:  29807 4067       4       org.codehaus.plexus.util.xml.Xpp3Dom::mergeIntoXpp3Dom (490 bytes)

Stack: [0x0000001c8a100000,0x0000001c8a200000]
Native frames: (J=compiled Java code, j=interpreted, Vv=VM code, C=native code)
V  [jvm.dll+0x63adaa]
V  [jvm.dll+0x77852f]
V  [jvm.dll+0x779b18]
V  [jvm.dll+0x77a1d3]
V  [jvm.dll+0x2624c8]
V  [jvm.dll+0xc5b61]
V  [jvm.dll+0xc60fc]
V  [jvm.dll+0xc5c50]
V  [jvm.dll+0x66857f]
V  [jvm.dll+0x556e2c]
V  [jvm.dll+0x553e61]
V  [jvm.dll+0x553cb8]
V  [jvm.dll+0x55308e]
V  [jvm.dll+0x21dd3b]
V  [jvm.dll+0x21b3e6]
V  [jvm.dll+0x198400]
V  [jvm.dll+0x22a4ff]
V  [jvm.dll+0x228b18]
V  [jvm.dll+0x73dc3d]
V  [jvm.dll+0x639e42]
C  [ucrtbase.dll+0x21542]
C  [KERNEL32.DLL+0x16fd4]
C  [ntdll.dll+0x4cec1]


---------------  P R O C E S S  ---------------

Threads class SMR info:
_java_thread_list=0x0000015c833bd500, length=10, elements={
0x0000015ce3cd7800, 0x0000015c821c0000, 0x0000015c821b6800, 0x0000015c82a43000,
0x0000015c821cd800, 0x0000015c821cf000, 0x0000015c821d2800, 0x0000015c821e2000,
0x0000015c82b8f800, 0x0000015c82b9b000
}

Java Threads: ( => current thread )
  0x0000015ce3cd7800 JavaThread "main" [_thread_in_native, id=8000, stack(0x0000001c89600000,0x0000001c89700000)]
  0x0000015c821c0000 JavaThread "Reference Handler" daemon [_thread_blocked, id=10452, stack(0x0000001c89d00000,0x0000001c89e00000)]
  0x0000015c821b6800 JavaThread "Finalizer" daemon [_thread_blocked, id=2388, stack(0x0000001c89e00000,0x0000001c89f00000)]
  0x0000015c82a43000 JavaThread "Signal Dispatcher" daemon [_thread_blocked, id=5508, stack(0x0000001c89f00000,0x0000001c8a000000)]
  0x0000015c821cd800 JavaThread "Attach Listener" daemon [_thread_blocked, id=10124, stack(0x0000001c8a000000,0x0000001c8a100000)]
=>0x0000015c821cf000 JavaThread "C2 CompilerThread0" daemon [_thread_in_native, id=3116, stack(0x0000001c8a100000,0x0000001c8a200000)]
  0x0000015c821d2800 JavaThread "C1 CompilerThread0" daemon [_thread_blocked, id=10828, stack(0x0000001c8a200000,0x0000001c8a300000)]
  0x0000015c821e2000 JavaThread "Sweeper thread" daemon [_thread_blocked, id=10308, stack(0x0000001c8a300000,0x0000001c8a400000)]
  0x0000015c82b8f800 JavaThread "Service Thread" daemon [_thread_blocked, id=9016, stack(0x0000001c8a400000,0x0000001c8a500000)]
  0x0000015c82b9b000 JavaThread "Common-Cleaner" daemon [_thread_blocked, id=9884, stack(0x0000001c8a600000,0x0000001c8a700000)]

Other Threads:
  0x0000015c82188800 VMThread "VM Thread" [stack: 0x0000001c89c00000,0x0000001c89d00000] [id=10276]
  0x0000015c82b96000 WatcherThread [stack: 0x0000001c8a500000,0x0000001c8a600000] [id=1100]
  0x0000015ce3ced800 GCTaskThread "GC Thread#0" [stack: 0x0000001c89700000,0x0000001c89800000] [id=4612]
  0x0000015c83275000 GCTaskThread "GC Thread#1" [stack: 0x0000001c8a700000,0x0000001c8a800000] [id=6312]
  0x0000015c83276000 GCTaskThread "GC Thread#2" [stack: 0x0000001c8a800000,0x0000001c8a900000] [id=11100]
  0x0000015ce3d20000 ConcurrentGCThread "G1 Main Marker" [stack: 0x0000001c89800000,0x0000001c89900000] [id=6356]
  0x0000015ce3d22000 ConcurrentGCThread "G1 Conc#0" [stack: 0x0000001c89900000,0x0000001c89a00000] [id=10604]
  0x0000015ce3db2800 ConcurrentGCThread "G1 Refine#0" [stack: 0x0000001c89a00000,0x0000001c89b00000] [id=4364]
  0x0000015c82ccf000 ConcurrentGCThread "G1 Refine#1" [stack: 0x0000001c8a900000,0x0000001c8aa00000] [id=3948]
  0x0000015ce3db3800 ConcurrentGCThread "G1 Young RemSet Sampling" [stack: 0x0000001c89b00000,0x0000001c89c00000] [id=9192]

Threads with active compile tasks:
C2 CompilerThread04067       4       org.codehaus.plexus.util.xml.Xpp3Dom::mergeIntoXpp3Dom (490 bytes)

VM state:not at safepoint (normal execution)

VM Mutex/Monitor currently owned by a thread: None

Heap address: 0x0000000080800000, size: 2040 MB, Compressed Oops mode: 32-bit
Narrow klass base: 0x0000000000000000, Narrow klass shift: 3
Compressed class space size: 1073741824 Address: 0x0000000100000000

Heap:
 garbage-first heap   total 157696K, used 77254K [0x0000000080800000, 0x0000000100000000)
  region size 1024K, 55 young (56320K), 9 survivors (9216K)
 Metaspace       used 22677K, capacity 23095K, committed 23472K, reserved 1071104K
  class space    used 2292K, capacity 2439K, committed 2560K, reserved 1048576K
Heap Regions: E=young(eden), S=young(survivor), O=old, HS=humongous(starts), HC=humongous(continues), CS=collection set, F=free, A=archive, TAMS=top-at-mark-start (previous, next)
|   0|0x0000000080800000, 0x0000000080900000, 0x0000000080900000|100%| O|  |TAMS 0x0000000080900000, 0x0000000080800000| Untracked 
|   1|0x0000000080900000, 0x0000000080a00000, 0x0000000080a00000|100%| O|  |TAMS 0x0000000080a00000, 0x0000000080900000| Untracked 
|   2|0x0000000080a00000, 0x0000000080b00000, 0x0000000080b00000|100%| O|  |TAMS 0x0000000080b00000, 0x0000000080a00000| Untracked 
|   3|0x0000000080b00000, 0x0000000080c00000, 0x0000000080c00000|100%| O|  |TAMS 0x0000000080b20600, 0x0000000080b00000| Untracked 
|   4|0x0000000080c00000, 0x0000000080d00000, 0x0000000080d00000|100%| O|  |TAMS 0x0000000080c00000, 0x0000000080c00000| Untracked 
|   5|0x0000000080d00000, 0x0000000080e00000, 0x0000000080e00000|100%| O|  |TAMS 0x0000000080d00000, 0x0000000080d00000| Untracked 
|   6|0x0000000080e00000, 0x0000000080f00000, 0x0000000080f00000|100%| O|  |TAMS 0x0000000080e00000, 0x0000000080e00000| Untracked 
|   7|0x0000000080f00000, 0x0000000081000000, 0x0000000081000000|100%| O|  |TAMS 0x0000000080f00000, 0x0000000080f00000| Untracked 
|   8|0x0000000081000000, 0x0000000081100000, 0x0000000081100000|100%| O|  |TAMS 0x0000000081000000, 0x0000000081000000| Untracked 
|   9|0x0000000081100000, 0x0000000081200000, 0x0000000081200000|100%| O|  |TAMS 0x0000000081100000, 0x0000000081100000| Untracked 
|  10|0x0000000081200000, 0x0000000081300000, 0x0000000081300000|100%| O|  |TAMS 0x0000000081200000, 0x0000000081200000| Untracked 
|  11|0x0000000081300000, 0x0000000081400000, 0x0000000081400000|100%| O|  |TAMS 0x0000000081300000, 0x0000000081300000| Untracked 
|  12|0x0000000081400000, 0x0000000081500000, 0x0000000081500000|100%| O|  |TAMS 0x0000000081400000, 0x0000000081400000| Untracked 
|  13|0x0000000081500000, 0x0000000081600000, 0x0000000081600000|100%| O|  |TAMS 0x0000000081500000, 0x0000000081500000| Untracked 
|  14|0x0000000081600000, 0x0000000081700000, 0x0000000081700000|100%| O|  |TAMS 0x0000000081600000, 0x0000000081600000| Untracked 
|  15|0x0000000081700000, 0x0000000081800000, 0x0000000081800000|100%| O|  |TAMS 0x0000000081700000, 0x0000000081700000| Untracked 
|  16|0x0000000081800000, 0x0000000081900000, 0x0000000081900000|100%| O|  |TAMS 0x0000000081800000, 0x0000000081800000| Untracked 
|  17|0x0000000081900000, 0x0000000081a00000, 0x0000000081a00000|100%| O|  |TAMS 0x0000000081900000, 0x0000000081900000| Untracked 
|  18|0x0000000081a00000, 0x0000000081b00000, 0x0000000081b00000|100%| O|  |TAMS 0x0000000081a00000, 0x0000000081a00000| Untracked 
|  19|0x0000000081b00000, 0x0000000081c00000, 0x0000000081c00000|100%| O|  |TAMS 0x0000000081b00000, 0x0000000081b00000| Untracked 
|  20|0x0000000081c00000, 0x0000000081d00000, 0x0000000081d00000|100%| O|  |TAMS 0x0000000081c00000, 0x0000000081c00000| Untracked 
|  21|0x0000000081d00000, 0x0000000081e00000, 0x0000000081e00000|100%| O|  |TAMS 0x0000000081d00000, 0x0000000081d00000| Untracked 
|  22|0x0000000081e00000, 0x0000000081e71a00, 0x0000000081f00000| 44%| O|  |TAMS 0x0000000081e00000, 0x0000000081e00000| Untracked 
|  23|0x0000000081f00000, 0x0000000081f00000, 0x0000000082000000|  0%| F|  |TAMS 0x0000000081f00000, 0x0000000081f00000| Untracked 
|  24|0x0000000082000000, 0x0000000082000000, 0x0000000082100000|  0%| F|  |TAMS 0x0000000082000000, 0x0000000082000000| Untracked 
|  25|0x0000000082100000, 0x0000000082100000, 0x0000000082200000|  0%| F|  |TAMS 0x0000000082100000, 0x0000000082100000| Untracked 
|  26|0x0000000082200000, 0x0000000082200000, 0x0000000082300000|  0%| F|  |TAMS 0x0000000082200000, 0x0000000082200000| Untracked 
|  27|0x0000000082300000, 0x0000000082300000, 0x0000000082400000|  0%| F|  |TAMS 0x0000000082300000, 0x0000000082300000| Untracked 
|  28|0x0000000082400000, 0x0000000082400000, 0x0000000082500000|  0%| F|  |TAMS 0x0000000082400000, 0x0000000082400000| Untracked 
|  29|0x0000000082500000, 0x0000000082500000, 0x0000000082600000|  0%| F|  |TAMS 0x0000000082500000, 0x0000000082500000| Untracked 
|  30|0x0000000082600000, 0x0000000082600000, 0x0000000082700000|  0%| F|  |TAMS 0x0000000082600000, 0x0000000082600000| Untracked 
|  31|0x0000000082700000, 0x0000000082700000, 0x0000000082800000|  0%| F|  |TAMS 0x0000000082700000, 0x0000000082700000| Untracked 
|  32|0x0000000082800000, 0x0000000082800000, 0x0000000082900000|  0%| F|  |TAMS 0x0000000082800000, 0x0000000082800000| Untracked 
|  33|0x0000000082900000, 0x0000000082900000, 0x0000000082a00000|  0%| F|  |TAMS 0x0000000082900000, 0x0000000082900000| Untracked 
|  34|0x0000000082a00000, 0x0000000082a00000, 0x0000000082b00000|  0%| F|  |TAMS 0x0000000082a00000, 0x0000000082a00000| Untracked 
|  35|0x0000000082b00000, 0x0000000082b00000, 0x0000000082c00000|  0%| F|  |TAMS 0x0000000082b00000, 0x0000000082b00000| Untracked 
|  36|0x0000000082c00000, 0x0000000082c00000, 0x0000000082d00000|  0%| F|  |TAMS 0x0000000082c00000, 0x0000000082c00000| Untracked 
|  37|0x0000000082d00000, 0x0000000082d00000, 0x0000000082e00000|  0%| F|  |TAMS 0x0000000082d00000, 0x0000000082d00000| Untracked 
|  38|0x0000000082e00000, 0x0000000082e00000, 0x0000000082f00000|  0%| F|  |TAMS 0x0000000082e00000, 0x0000000082e00000| Untracked 
|  39|0x0000000082f00000, 0x0000000082f00000, 0x0000000083000000|  0%| F|  |TAMS 0x0000000082f00000, 0x0000000082f00000| Untracked 
|  40|0x0000000083000000, 0x0000000083000000, 0x0000000083100000|  0%| F|  |TAMS 0x0000000083000000, 0x0000000083000000| Untracked 
|  41|0x0000000083100000, 0x0000000083100000, 0x0000000083200000|  0%| F|  |TAMS 0x0000000083100000, 0x0000000083100000| Untracked 
|  42|0x0000000083200000, 0x0000000083200000, 0x0000000083300000|  0%| F|  |TAMS 0x0000000083200000, 0x0000000083200000| Untracked 
|  43|0x0000000083300000, 0x0000000083300000, 0x0000000083400000|  0%| F|  |TAMS 0x0000000083300000, 0x0000000083300000| Untracked 
|  44|0x0000000083400000, 0x0000000083400000, 0x0000000083500000|  0%| F|  |TAMS 0x0000000083400000, 0x0000000083400000| Untracked 
|  45|0x0000000083500000, 0x0000000083500000, 0x0000000083600000|  0%| F|  |TAMS 0x0000000083500000, 0x0000000083500000| Untracked 
|  46|0x0000000083600000, 0x0000000083600000, 0x0000000083700000|  0%| F|  |TAMS 0x0000000083600000, 0x0000000083600000| Untracked 
|  47|0x0000000083700000, 0x0000000083700000, 0x0000000083800000|  0%| F|  |TAMS 0x0000000083700000, 0x0000000083700000| Untracked 
|  48|0x0000000083800000, 0x0000000083800000, 0x0000000083900000|  0%| F|  |TAMS 0x0000000083800000, 0x0000000083800000| Untracked 
|  49|0x0000000083900000, 0x0000000083900000, 0x0000000083a00000|  0%| F|  |TAMS 0x0000000083900000, 0x0000000083900000| Untracked 
|  50|0x0000000083a00000, 0x0000000083a00000, 0x0000000083b00000|  0%| F|  |TAMS 0x0000000083a00000, 0x0000000083a00000| Untracked 
|  51|0x0000000083b00000, 0x0000000083b00000, 0x0000000083c00000|  0%| F|  |TAMS 0x0000000083b00000, 0x0000000083b00000| Untracked 
|  52|0x0000000083c00000, 0x0000000083c00000, 0x0000000083d00000|  0%| F|  |TAMS 0x0000000083c00000, 0x0000000083c00000| Untracked 
|  53|0x0000000083d00000, 0x0000000083e00000, 0x0000000083e00000|100%| S|CS|TAMS 0x0000000083d00000, 0x0000000083d00000| Complete 
|  54|0x0000000083e00000, 0x0000000083f00000, 0x0000000083f00000|100%| S|CS|TAMS 0x0000000083e00000, 0x0000000083e00000| Complete 
|  55|0x0000000083f00000, 0x0000000084000000, 0x0000000084000000|100%| S|CS|TAMS 0x0000000083f00000, 0x0000000083f00000| Complete 
|  56|0x0000000084000000, 0x0000000084000000, 0x0000000084100000|  0%| F|  |TAMS 0x0000000084000000, 0x0000000084000000| Untracked 
|  57|0x0000000084100000, 0x0000000084100000, 0x0000000084200000|  0%| F|  |TAMS 0x0000000084100000, 0x0000000084100000| Untracked 
|  58|0x0000000084200000, 0x0000000084200000, 0x0000000084300000|  0%| F|  |TAMS 0x0000000084200000, 0x0000000084200000| Untracked 
|  59|0x0000000084300000, 0x0000000084300000, 0x0000000084400000|  0%| F|  |TAMS 0x0000000084300000, 0x0000000084300000| Untracked 
|  60|0x0000000084400000, 0x0000000084400000, 0x0000000084500000|  0%| F|  |TAMS 0x0000000084400000, 0x0000000084400000| Untracked 
|  61|0x0000000084500000, 0x0000000084600000, 0x0000000084600000|100%| S|CS|TAMS 0x0000000084500000, 0x0000000084500000| Complete 
|  62|0x0000000084600000, 0x0000000084700000, 0x0000000084700000|100%| S|CS|TAMS 0x0000000084600000, 0x0000000084600000| Complete 
|  63|0x0000000084700000, 0x0000000084800000, 0x0000000084800000|100%| S|CS|TAMS 0x0000000084700000, 0x0000000084700000| Complete 
|  64|0x0000000084800000, 0x0000000084900000, 0x0000000084900000|100%| S|CS|TAMS 0x0000000084800000, 0x0000000084800000| Complete 
|  65|0x0000000084900000, 0x0000000084a00000, 0x0000000084a00000|100%| S|CS|TAMS 0x0000000084900000, 0x0000000084900000| Complete 
|  66|0x0000000084a00000, 0x0000000084b00000, 0x0000000084b00000|100%| S|CS|TAMS 0x0000000084a00000, 0x0000000084a00000| Complete 
|  67|0x0000000084b00000, 0x0000000084b00000, 0x0000000084c00000|  0%| F|  |TAMS 0x0000000084b00000, 0x0000000084b00000| Untracked 
|  68|0x0000000084c00000, 0x0000000084c00000, 0x0000000084d00000|  0%| F|  |TAMS 0x0000000084c00000, 0x0000000084c00000| Untracked 
|  69|0x0000000084d00000, 0x0000000084d00000, 0x0000000084e00000|  0%| F|  |TAMS 0x0000000084d00000, 0x0000000084d00000| Untracked 
|  70|0x0000000084e00000, 0x0000000084e00000, 0x0000000084f00000|  0%| F|  |TAMS 0x0000000084e00000, 0x0000000084e00000| Untracked 
|  71|0x0000000084f00000, 0x0000000084f00000, 0x0000000085000000|  0%| F|  |TAMS 0x0000000084f00000, 0x0000000084f00000| Untracked 
|  72|0x0000000085000000, 0x0000000085000000, 0x0000000085100000|  0%| F|  |TAMS 0x0000000085000000, 0x0000000085000000| Untracked 
|  73|0x0000000085100000, 0x0000000085100000, 0x0000000085200000|  0%| F|  |TAMS 0x0000000085100000, 0x0000000085100000| Untracked 
|  74|0x0000000085200000, 0x0000000085200000, 0x0000000085300000|  0%| F|  |TAMS 0x0000000085200000, 0x0000000085200000| Untracked 
|  75|0x0000000085300000, 0x0000000085300000, 0x0000000085400000|  0%| F|  |TAMS 0x0000000085300000, 0x0000000085300000| Untracked 
|  76|0x0000000085400000, 0x0000000085400000, 0x0000000085500000|  0%| F|  |TAMS 0x0000000085400000, 0x0000000085400000| Untracked 
|  77|0x0000000085500000, 0x0000000085500000, 0x0000000085600000|  0%| F|  |TAMS 0x0000000085500000, 0x0000000085500000| Untracked 
|  78|0x0000000085600000, 0x0000000085600000, 0x0000000085700000|  0%| F|  |TAMS 0x0000000085600000, 0x0000000085600000| Untracked 
|  79|0x0000000085700000, 0x0000000085700000, 0x0000000085800000|  0%| F|  |TAMS 0x0000000085700000, 0x0000000085700000| Untracked 
|  80|0x0000000085800000, 0x0000000085800000, 0x0000000085900000|  0%| F|  |TAMS 0x0000000085800000, 0x0000000085800000| Untracked 
|  81|0x0000000085900000, 0x0000000085900000, 0x0000000085a00000|  0%| F|  |TAMS 0x0000000085900000, 0x0000000085900000| Untracked 
|  82|0x0000000085a00000, 0x0000000085a00000, 0x0000000085b00000|  0%| F|  |TAMS 0x0000000085a00000, 0x0000000085a00000| Untracked 
|  83|0x0000000085b00000, 0x0000000085b00000, 0x0000000085c00000|  0%| F|  |TAMS 0x0000000085b00000, 0x0000000085b00000| Untracked 
|  84|0x0000000085c00000, 0x0000000085c00000, 0x0000000085d00000|  0%| F|  |TAMS 0x0000000085c00000, 0x0000000085c00000| Untracked 
|  85|0x0000000085d00000, 0x0000000085d00000, 0x0000000085e00000|  0%| F|  |TAMS 0x0000000085d00000, 0x0000000085d00000| Untracked 
|  86|0x0000000085e00000, 0x0000000085e00000, 0x0000000085f00000|  0%| F|  |TAMS 0x0000000085e00000, 0x0000000085e00000| Untracked 
|  87|0x0000000085f00000, 0x0000000085f00000, 0x0000000086000000|  0%| F|  |TAMS 0x0000000085f00000, 0x0000000085f00000| Untracked 
|  88|0x0000000086000000, 0x0000000086000000, 0x0000000086100000|  0%| F|  |TAMS 0x0000000086000000, 0x0000000086000000| Untracked 
|  89|0x0000000086100000, 0x0000000086100000, 0x0000000086200000|  0%| F|  |TAMS 0x0000000086100000, 0x0000000086100000| Untracked 
|  90|0x0000000086200000, 0x0000000086200000, 0x0000000086300000|  0%| F|  |TAMS 0x0000000086200000, 0x0000000086200000| Untracked 
|  91|0x0000000086300000, 0x0000000086300000, 0x0000000086400000|  0%| F|  |TAMS 0x0000000086300000, 0x0000000086300000| Untracked 
|  92|0x0000000086400000, 0x0000000086400000, 0x0000000086500000|  0%| F|  |TAMS 0x0000000086400000, 0x0000000086400000| Untracked 
|  93|0x0000000086500000, 0x0000000086500000, 0x0000000086600000|  0%| F|  |TAMS 0x0000000086500000, 0x0000000086500000| Untracked 
|  94|0x0000000086600000, 0x0000000086600000, 0x0000000086700000|  0%| F|  |TAMS 0x0000000086600000, 0x0000000086600000| Untracked 
|  95|0x0000000086700000, 0x0000000086700000, 0x0000000086800000|  0%| F|  |TAMS 0x0000000086700000, 0x0000000086700000| Untracked 
|  96|0x0000000086800000, 0x0000000086800000, 0x0000000086900000|  0%| F|  |TAMS 0x0000000086800000, 0x0000000086800000| Untracked 
|  97|0x0000000086900000, 0x0000000086900000, 0x0000000086a00000|  0%| F|  |TAMS 0x0000000086900000, 0x0000000086900000| Untracked 
|  98|0x0000000086a00000, 0x0000000086a00000, 0x0000000086b00000|  0%| F|  |TAMS 0x0000000086a00000, 0x0000000086a00000| Untracked 
|  99|0x0000000086b00000, 0x0000000086b00000, 0x0000000086c00000|  0%| F|  |TAMS 0x0000000086b00000, 0x0000000086b00000| Untracked 
| 100|0x0000000086c00000, 0x0000000086c00000, 0x0000000086d00000|  0%| F|  |TAMS 0x0000000086c00000, 0x0000000086c00000| Untracked 
| 101|0x0000000086d00000, 0x0000000086d00000, 0x0000000086e00000|  0%| F|  |TAMS 0x0000000086d00000, 0x0000000086d00000| Untracked 
| 102|0x0000000086e00000, 0x0000000086e00000, 0x0000000086f00000|  0%| F|  |TAMS 0x0000000086e00000, 0x0000000086e00000| Untracked 
| 103|0x0000000086f00000, 0x0000000086f00000, 0x0000000087000000|  0%| F|  |TAMS 0x0000000086f00000, 0x0000000086f00000| Untracked 
| 104|0x0000000087000000, 0x0000000087000000, 0x0000000087100000|  0%| F|  |TAMS 0x0000000087000000, 0x0000000087000000| Untracked 
| 105|0x0000000087100000, 0x0000000087100000, 0x0000000087200000|  0%| F|  |TAMS 0x0000000087100000, 0x0000000087100000| Untracked 
| 106|0x0000000087200000, 0x0000000087200000, 0x0000000087300000|  0%| F|  |TAMS 0x0000000087200000, 0x0000000087200000| Untracked 
| 107|0x0000000087300000, 0x0000000087300000, 0x0000000087400000|  0%| F|  |TAMS 0x0000000087300000, 0x0000000087300000| Untracked 
| 108|0x0000000087400000, 0x0000000087500000, 0x0000000087500000|100%| E|  |TAMS 0x0000000087400000, 0x0000000087400000| Complete 
| 109|0x0000000087500000, 0x0000000087600000, 0x0000000087600000|100%| E|CS|TAMS 0x0000000087500000, 0x0000000087500000| Complete 
| 110|0x0000000087600000, 0x0000000087700000, 0x0000000087700000|100%| E|CS|TAMS 0x0000000087600000, 0x0000000087600000| Complete 
| 111|0x0000000087700000, 0x0000000087800000, 0x0000000087800000|100%| E|CS|TAMS 0x0000000087700000, 0x0000000087700000| Complete 
| 112|0x0000000087800000, 0x0000000087900000, 0x0000000087900000|100%| E|CS|TAMS 0x0000000087800000, 0x0000000087800000| Complete 
| 113|0x0000000087900000, 0x0000000087a00000, 0x0000000087a00000|100%| E|  |TAMS 0x0000000087900000, 0x0000000087900000| Complete 
| 114|0x0000000087a00000, 0x0000000087b00000, 0x0000000087b00000|100%| E|CS|TAMS 0x0000000087a00000, 0x0000000087a00000| Complete 
| 115|0x0000000087b00000, 0x0000000087c00000, 0x0000000087c00000|100%| E|CS|TAMS 0x0000000087b00000, 0x0000000087b00000| Complete 
| 116|0x0000000087c00000, 0x0000000087d00000, 0x0000000087d00000|100%| E|CS|TAMS 0x0000000087c00000, 0x0000000087c00000| Complete 
| 117|0x0000000087d00000, 0x0000000087e00000, 0x0000000087e00000|100%| E|CS|TAMS 0x0000000087d00000, 0x0000000087d00000| Complete 
| 118|0x0000000087e00000, 0x0000000087f00000, 0x0000000087f00000|100%| E|CS|TAMS 0x0000000087e00000, 0x0000000087e00000| Complete 
| 119|0x0000000087f00000, 0x0000000088000000, 0x0000000088000000|100%| E|CS|TAMS 0x0000000087f00000, 0x0000000087f00000| Complete 
| 120|0x0000000088000000, 0x0000000088100000, 0x0000000088100000|100%| E|CS|TAMS 0x0000000088000000, 0x0000000088000000| Complete 
| 121|0x0000000088100000, 0x0000000088200000, 0x0000000088200000|100%| E|CS|TAMS 0x0000000088100000, 0x0000000088100000| Complete 
| 122|0x0000000088200000, 0x0000000088300000, 0x0000000088300000|100%| E|CS|TAMS 0x0000000088200000, 0x0000000088200000| Complete 
| 123|0x0000000088300000, 0x0000000088400000, 0x0000000088400000|100%| E|CS|TAMS 0x0000000088300000, 0x0000000088300000| Complete 
| 124|0x0000000088400000, 0x0000000088500000, 0x0000000088500000|100%| E|CS|TAMS 0x0000000088400000, 0x0000000088400000| Complete 
| 125|0x0000000088500000, 0x0000000088600000, 0x0000000088600000|100%| E|CS|TAMS 0x0000000088500000, 0x0000000088500000| Complete 
| 126|0x0000000088600000, 0x0000000088700000, 0x0000000088700000|100%| E|CS|TAMS 0x0000000088600000, 0x0000000088600000| Complete 
| 127|0x0000000088700000, 0x0000000088800000, 0x0000000088800000|100%| E|CS|TAMS 0x0000000088700000, 0x0000000088700000| Complete 
| 128|0x0000000088800000, 0x0000000088900000, 0x0000000088900000|100%| E|CS|TAMS 0x0000000088800000, 0x0000000088800000| Complete 
| 129|0x0000000088900000, 0x0000000088a00000, 0x0000000088a00000|100%| E|CS|TAMS 0x0000000088900000, 0x0000000088900000| Complete 
| 130|0x0000000088a00000, 0x0000000088b00000, 0x0000000088b00000|100%| E|CS|TAMS 0x0000000088a00000, 0x0000000088a00000| Complete 
| 131|0x0000000088b00000, 0x0000000088c00000, 0x0000000088c00000|100%| E|CS|TAMS 0x0000000088b00000, 0x0000000088b00000| Complete 
| 132|0x0000000088c00000, 0x0000000088d00000, 0x0000000088d00000|100%| E|CS|TAMS 0x0000000088c00000, 0x0000000088c00000| Complete 
| 133|0x0000000088d00000, 0x0000000088e00000, 0x0000000088e00000|100%| E|CS|TAMS 0x0000000088d00000, 0x0000000088d00000| Complete 
| 134|0x0000000088e00000, 0x0000000088f00000, 0x0000000088f00000|100%| E|CS|TAMS 0x0000000088e00000, 0x0000000088e00000| Complete 
| 135|0x0000000088f00000, 0x0000000089000000, 0x0000000089000000|100%| E|CS|TAMS 0x0000000088f00000, 0x0000000088f00000| Complete 
| 136|0x0000000089000000, 0x0000000089100000, 0x0000000089100000|100%| E|CS|TAMS 0x0000000089000000, 0x0000000089000000| Complete 
| 137|0x0000000089100000, 0x0000000089200000, 0x0000000089200000|100%| E|CS|TAMS 0x0000000089100000, 0x0000000089100000| Complete 
| 138|0x0000000089200000, 0x0000000089300000, 0x0000000089300000|100%| E|CS|TAMS 0x0000000089200000, 0x0000000089200000| Complete 
| 139|0x0000000089300000, 0x0000000089400000, 0x0000000089400000|100%| E|CS|TAMS 0x0000000089300000, 0x0000000089300000| Complete 
| 140|0x0000000089400000, 0x0000000089500000, 0x0000000089500000|100%| E|CS|TAMS 0x0000000089400000, 0x0000000089400000| Complete 
| 141|0x0000000089500000, 0x0000000089600000, 0x0000000089600000|100%| E|CS|TAMS 0x0000000089500000, 0x0000000089500000| Complete 
| 142|0x0000000089600000, 0x0000000089700000, 0x0000000089700000|100%| E|CS|TAMS 0x0000000089600000, 0x0000000089600000| Complete 
| 143|0x0000000089700000, 0x0000000089800000, 0x0000000089800000|100%| E|CS|TAMS 0x0000000089700000, 0x0000000089700000| Complete 
| 144|0x0000000089800000, 0x0000000089900000, 0x0000000089900000|100%| E|CS|TAMS 0x0000000089800000, 0x0000000089800000| Complete 
| 145|0x0000000089900000, 0x0000000089a00000, 0x0000000089a00000|100%| E|CS|TAMS 0x0000000089900000, 0x0000000089900000| Complete 
| 146|0x0000000089a00000, 0x0000000089b00000, 0x0000000089b00000|100%| E|CS|TAMS 0x0000000089a00000, 0x0000000089a00000| Complete 
| 147|0x0000000089b00000, 0x0000000089c00000, 0x0000000089c00000|100%| E|CS|TAMS 0x0000000089b00000, 0x0000000089b00000| Complete 
| 148|0x0000000089c00000, 0x0000000089d00000, 0x0000000089d00000|100%| E|CS|TAMS 0x0000000089c00000, 0x0000000089c00000| Complete 
| 149|0x0000000089d00000, 0x0000000089e00000, 0x0000000089e00000|100%| E|CS|TAMS 0x0000000089d00000, 0x0000000089d00000| Complete 
| 150|0x0000000089e00000, 0x0000000089f00000, 0x0000000089f00000|100%| E|CS|TAMS 0x0000000089e00000, 0x0000000089e00000| Complete 
| 151|0x0000000089f00000, 0x000000008a000000, 0x000000008a000000|100%| E|CS|TAMS 0x0000000089f00000, 0x0000000089f00000| Complete 
| 152|0x000000008a000000, 0x000000008a100000, 0x000000008a100000|100%| E|CS|TAMS 0x000000008a000000, 0x000000008a000000| Complete 
| 153|0x000000008a100000, 0x000000008a200000, 0x000000008a200000|100%| E|CS|TAMS 0x000000008a100000, 0x000000008a100000| Complete 

Card table byte_map: [0x0000015cfb3f0000,0x0000015cfb7f0000] _byte_map_base: 0x0000015cfafec000

Marking Bits (Prev, Next): (CMBitMap*) 0x0000015ce3d17190, (CMBitMap*) 0x0000015ce3d17158
 Prev Bits: [0x0000015cfdbd0000, 0x0000015cffbb0000)
 Next Bits: [0x0000015cfbbf0000, 0x0000015cfdbd0000)

Polling page: 0x0000015ce3440000

Metaspace:

Usage:
  Non-class:     20.17 MB capacity,    19.91 MB ( 99%) used,   242.65 KB (  1%) free+waste,    27.81 KB ( <1%) overhead. 
      Class:      2.38 MB capacity,     2.24 MB ( 94%) used,   135.98 KB (  6%) free+waste,    10.69 KB ( <1%) overhead. 
       Both:     22.55 MB capacity,    22.15 MB ( 98%) used,   378.63 KB (  2%) free+waste,    38.50 KB ( <1%) overhead. 

Virtual space:
  Non-class space:       22.00 MB reserved,      20.42 MB ( 93%) committed 
      Class space:        1.00 GB reserved,       2.50 MB ( <1%) committed 
             Both:        1.02 GB reserved,      22.92 MB (  2%) committed 

Chunk freelists:
   Non-Class:  8.00 KB
       Class:  3.13 KB
        Both:  11.13 KB

CodeHeap 'non-profiled nmethods': size=120064Kb used=2802Kb max_used=2802Kb free=117261Kb
 bounds [0x0000015cf3ab0000, 0x0000015cf3d70000, 0x0000015cfaff0000]
CodeHeap 'profiled nmethods': size=120000Kb used=10160Kb max_used=10160Kb free=109839Kb
 bounds [0x0000015cec580000, 0x0000015cecf70000, 0x0000015cf3ab0000]
CodeHeap 'non-nmethods': size=5696Kb used=1114Kb max_used=1163Kb free=4582Kb
 bounds [0x0000015cebff0000, 0x0000015cec260000, 0x0000015cec580000]
 total_blobs=5596 nmethods=4124 adapters=340
 compilation: enabled
              stopped_count=0, restarted_count=0
 full_count=0

Compilation events (10 events):
Event: 25.025 Thread 0x0000015c821cf000 nmethod 4069 0x0000015cf3d50010 code [0x0000015cf3d501e0, 0x0000015cf3d50628]
Event: 25.025 Thread 0x0000015c821cf000 4068       4       org.apache.maven.model.interpolation.StringVisitorModelInterpolator$ModelVisitor::visit (55 bytes)
Event: 25.040 Thread 0x0000015c821cf000 nmethod 4068 0x0000015cf3d50a10 code [0x0000015cf3d50be0, 0x0000015cf3d50f08]
Event: 25.040 Thread 0x0000015c821cf000 4067       4       org.codehaus.plexus.util.xml.Xpp3Dom::mergeIntoXpp3Dom (490 bytes)
Event: 25.082 Thread 0x0000015c821d2800 4071       3       org.eclipse.aether.util.graph.selector.ExclusionDependencySelector$ExclusionComparator::compare (82 bytes)
Event: 25.083 Thread 0x0000015c821d2800 nmethod 4071 0x0000015cecf37110 code [0x0000015cecf37320, 0x0000015cecf37820]
Event: 25.166 Thread 0x0000015c821d2800 4072       2       org.apache.maven.model.inheritance.DefaultInheritanceAssembler$InheritanceModelMerger::putAll (74 bytes)
Event: 25.167 Thread 0x0000015c821d2800 nmethod 4072 0x0000015cecf37a10 code [0x0000015cecf37c40, 0x0000015cecf37fd0]
Event: 25.251 Thread 0x0000015c821d2800 4073       1       org.apache.maven.model.MailingList::setUnsubscribe (6 bytes)
Event: 25.252 Thread 0x0000015c821d2800 nmethod 4073 0x0000015cf3d51310 code [0x0000015cf3d514c0, 0x0000015cf3d51618]

GC Heap History (10 events):
Event: 3.514 GC heap before
{Heap before GC invocations=2 (full 0):
 garbage-first heap   total 131072K, used 24931K [0x0000000080800000, 0x0000000100000000)
  region size 1024K, 22 young (22528K), 1 survivors (1024K)
 Metaspace       used 14564K, capacity 14898K, committed 14976K, reserved 1062912K
  class space    used 1493K, capacity 1622K, committed 1664K, reserved 1048576K
}
Event: 3.519 GC heap after
{Heap after GC invocations=3 (full 0):
 garbage-first heap   total 131072K, used 4096K [0x0000000080800000, 0x0000000100000000)
  region size 1024K, 1 young (1024K), 1 survivors (1024K)
 Metaspace       used 14564K, capacity 14898K, committed 14976K, reserved 1062912K
  class space    used 1493K, capacity 1622K, committed 1664K, reserved 1048576K
}
Event: 6.322 GC heap before
{Heap before GC invocations=3 (full 0):
 garbage-first heap   total 131072K, used 47104K [0x0000000080800000, 0x0000000100000000)
  region size 1024K, 44 young (45056K), 1 survivors (1024K)
 Metaspace       used 20756K, capacity 21159K, committed 21296K, reserved 1069056K
  class space    used 2217K, capacity 2352K, committed 2432K, reserved 1048576K
}
Event: 6.373 GC heap after
{Heap after GC invocations=4 (full 0):
 garbage-first heap   total 131072K, used 9070K [0x0000000080800000, 0x0000000100000000)
  region size 1024K, 6 young (6144K), 6 survivors (6144K)
 Metaspace       used 20756K, capacity 21159K, committed 21296K, reserved 1069056K
  class space    used 2217K, capacity 2352K, committed 2432K, reserved 1048576K
}
Event: 10.747 GC heap before
{Heap before GC invocations=5 (full 0):
 garbage-first heap   total 131072K, used 63342K [0x0000000080800000, 0x0000000100000000)
  region size 1024K, 59 young (60416K), 6 survivors (6144K)
 Metaspace       used 21398K, capacity 21806K, committed 22064K, reserved 1069056K
  class space    used 2247K, capacity 2394K, committed 2432K, reserved 1048576K
}
Event: 10.794 GC heap after
{Heap after GC invocations=6 (full 0):
 garbage-first heap   total 131072K, used 16390K [0x0000000080800000, 0x0000000100000000)
  region size 1024K, 8 young (8192K), 8 survivors (8192K)
 Metaspace       used 21398K, capacity 21806K, committed 22064K, reserved 1069056K
  class space    used 2247K, capacity 2394K, committed 2432K, reserved 1048576K
}
Event: 14.107 GC heap before
{Heap before GC invocations=6 (full 0):
 garbage-first heap   total 131072K, used 74758K [0x0000000080800000, 0x0000000100000000)
  region size 1024K, 65 young (66560K), 8 survivors (8192K)
 Metaspace       used 21868K, capacity 22326K, committed 22576K, reserved 1069056K
  class space    used 2252K, capacity 2396K, committed 2432K, reserved 1048576K
}
Event: 14.154 GC heap after
{Heap after GC invocations=7 (full 0):
 garbage-first heap   total 131072K, used 22954K [0x0000000080800000, 0x0000000100000000)
  region size 1024K, 7 young (7168K), 7 survivors (7168K)
 Metaspace       used 21868K, capacity 22326K, committed 22576K, reserved 1069056K
  class space    used 2252K, capacity 2396K, committed 2432K, reserved 1048576K
}
Event: 16.408 GC heap before
{Heap before GC invocations=7 (full 0):
 garbage-first heap   total 131072K, used 83370K [0x0000000080800000, 0x0000000100000000)
  region size 1024K, 66 young (67584K), 7 survivors (7168K)
 Metaspace       used 22097K, capacity 22518K, committed 22832K, reserved 1069056K
  class space    used 2253K, capacity 2396K, committed 2432K, reserved 1048576K
}
Event: 16.455 GC heap after
{Heap after GC invocations=8 (full 0):
 garbage-first heap   total 157696K, used 32198K [0x0000000080800000, 0x0000000100000000)
  region size 1024K, 9 young (9216K), 9 survivors (9216K)
 Metaspace       used 22097K, capacity 22518K, committed 22832K, reserved 1069056K
  class space    used 2253K, capacity 2396K, committed 2432K, reserved 1048576K
}

Deoptimization events (10 events):
Event: 19.159 Thread 0x0000015ce3cd7800 Uncommon trap: reason=intrinsic_or_type_checked_inlining action=make_not_entrant pc=0x0000015cf3d05cb4 method=java.util.ArrayList.toArray([Ljava/lang/Object;)[Ljava/lang/Object; @ 36 c2
Event: 19.560 Thread 0x0000015ce3cd7800 Uncommon trap: reason=predicate action=maybe_recompile pc=0x0000015cf3d13164 method=java.util.AbstractCollection.toArray()[Ljava/lang/Object; @ 18 c2
Event: 24.281 Thread 0x0000015ce3cd7800 Uncommon trap: reason=profile_predicate action=maybe_recompile pc=0x0000015cf3d4232c method=java.util.concurrent.ConcurrentHashMap$Traverser.advance()Ljava/util/concurrent/ConcurrentHashMap$Node; @ 15 c2
Event: 24.381 Thread 0x0000015ce3cd7800 Uncommon trap: reason=profile_predicate action=maybe_recompile pc=0x0000015cf3d4232c method=java.util.concurrent.ConcurrentHashMap$Traverser.advance()Ljava/util/concurrent/ConcurrentHashMap$Node; @ 15 c2
Event: 24.516 Thread 0x0000015ce3cd7800 Uncommon trap: reason=profile_predicate action=maybe_recompile pc=0x0000015cf3d4232c method=java.util.concurrent.ConcurrentHashMap$Traverser.advance()Ljava/util/concurrent/ConcurrentHashMap$Node; @ 15 c2
Event: 24.677 Thread 0x0000015ce3cd7800 Uncommon trap: reason=profile_predicate action=maybe_recompile pc=0x0000015cf3d4232c method=java.util.concurrent.ConcurrentHashMap$Traverser.advance()Ljava/util/concurrent/ConcurrentHashMap$Node; @ 15 c2
Event: 24.978 Thread 0x0000015ce3cd7800 Uncommon trap: reason=profile_predicate action=maybe_recompile pc=0x0000015cf3d4eb28 method=java.util.regex.Pattern$Slice.match(Ljava/util/regex/Matcher;ILjava/lang/CharSequence;)Z @ 18 c2
Event: 24.978 Thread 0x0000015ce3cd7800 Uncommon trap: reason=profile_predicate action=maybe_recompile pc=0x0000015cf3d4eb28 method=java.util.regex.Pattern$Slice.match(Ljava/util/regex/Matcher;ILjava/lang/CharSequence;)Z @ 18 c2
Event: 24.978 Thread 0x0000015ce3cd7800 Uncommon trap: reason=profile_predicate action=maybe_recompile pc=0x0000015cf3d4eb28 method=java.util.regex.Pattern$Slice.match(Ljava/util/regex/Matcher;ILjava/lang/CharSequence;)Z @ 18 c2
Event: 24.978 Thread 0x0000015ce3cd7800 Uncommon trap: reason=profile_predicate action=maybe_recompile pc=0x0000015cf3d4eb28 method=java.util.regex.Pattern$Slice.match(Ljava/util/regex/Matcher;ILjava/lang/CharSequence;)Z @ 18 c2

Classes redefined (0 events):
No events

Internal exceptions (10 events):
Event: 5.574 Thread 0x0000015ce3cd7800 Implicit null exception at 0x0000015cf3ad5a74 to 0x0000015cf3ad5f6a
Event: 5.574 Thread 0x0000015ce3cd7800 Implicit null exception at 0x0000015cf3ae97f4 to 0x0000015cf3ae9cde
Event: 7.001 Thread 0x0000015ce3cd7800 Implicit null exception at 0x0000015cf3b97745 to 0x0000015cf3b9797a
Event: 7.001 Thread 0x0000015ce3cd7800 Implicit null exception at 0x0000015cf3b8994d to 0x0000015cf3b8b382
Event: 7.002 Thread 0x0000015ce3cd7800 Implicit null exception at 0x0000015cf3b3a7f5 to 0x0000015cf3b3a9aa
Event: 7.003 Thread 0x0000015ce3cd7800 Implicit null exception at 0x0000015cf3afc53b to 0x0000015cf3afcc0c
Event: 24.281 Thread 0x0000015ce3cd7800 Implicit null exception at 0x0000015cf3d415c3 to 0x0000015cf3d42312
Event: 24.381 Thread 0x0000015ce3cd7800 Implicit null exception at 0x0000015cf3d415c3 to 0x0000015cf3d42312
Event: 24.516 Thread 0x0000015ce3cd7800 Implicit null exception at 0x0000015cf3d415c3 to 0x0000015cf3d42312
Event: 24.676 Thread 0x0000015ce3cd7800 Implicit null exception at 0x0000015cf3d415c3 to 0x0000015cf3d42312

Events (10 events):
Event: 24.978 Thread 0x0000015ce3cd7800 DEOPT UNPACKING pc=0x0000015cec018f2f sp=0x0000001c896fb920 mode 2
Event: 24.978 Thread 0x0000015ce3cd7800 Uncommon trap: trap_request=0xffffffbe fr.pc=0x0000015cf3d4eb28 relative=0x00000000000002e8
Event: 24.978 Thread 0x0000015ce3cd7800 DEOPT PACKING pc=0x0000015cf3d4eb28 sp=0x0000001c896fb980
Event: 24.978 Thread 0x0000015ce3cd7800 DEOPT UNPACKING pc=0x0000015cec018f2f sp=0x0000001c896fb920 mode 2
Event: 24.978 Thread 0x0000015ce3cd7800 Uncommon trap: trap_request=0xffffffbe fr.pc=0x0000015cf3d4eb28 relative=0x00000000000002e8
Event: 24.978 Thread 0x0000015ce3cd7800 DEOPT PACKING pc=0x0000015cf3d4eb28 sp=0x0000001c896fb980
Event: 24.978 Thread 0x0000015ce3cd7800 DEOPT UNPACKING pc=0x0000015cec018f2f sp=0x0000001c896fb920 mode 2
Event: 24.978 Thread 0x0000015ce3cd7800 Uncommon trap: trap_request=0xffffffbe fr.pc=0x0000015cf3d4eb28 relative=0x00000000000002e8
Event: 24.978 Thread 0x0000015ce3cd7800 DEOPT PACKING pc=0x0000015cf3d4eb28 sp=0x0000001c896fb980
Event: 24.978 Thread 0x0000015ce3cd7800 DEOPT UNPACKING pc=0x0000015cec018f2f sp=0x0000001c896fb920 mode 2


Dynamic libraries:
0x00007ff78caa0000 - 0x00007ff78cae5000 	C:\Users\Leandro\.dev\jdk-11\bin\java.exe
0x00007ffd4ad50000 - 0x00007ffd4af44000 	C:\Windows\SYSTEM32\ntdll.dll
0x00007ffd4aa80000 - 0x00007ffd4ab3d000 	C:\Windows\System32\KERNEL32.DLL
0x00007ffd48870000 - 0x00007ffd48b37000 	C:\Windows\System32\KERNELBASE.dll
0x00007ffd4a350000 - 0x00007ffd4a4f0000 	C:\Windows\System32\USER32.dll
0x00007ffd484a0000 - 0x00007ffd484c2000 	C:\Windows\System32\win32u.dll
0x00007ffd48e30000 - 0x00007ffd48e5a000 	C:\Windows\System32\GDI32.dll
0x00007ffd48700000 - 0x00007ffd4880a000 	C:\Windows\System32\gdi32full.dll
0x00007ffd48660000 - 0x00007ffd486fd000 	C:\Windows\System32\msvcp_win.dll
0x00007ffd48c10000 - 0x00007ffd48d10000 	C:\Windows\System32\ucrtbase.dll
0x00007ffd370e0000 - 0x00007ffd3737a000 	C:\Windows\WinSxS\amd64_microsoft.windows.common-controls_6595b64144ccf1df_6.0.19041.1_none_b555e41d4684ddec\COMCTL32.dll
0x00007ffd4a9e0000 - 0x00007ffd4aa7e000 	C:\Windows\System32\msvcrt.dll
0x00007ffd497f0000 - 0x00007ffd49820000 	C:\Windows\System32\IMM32.DLL
0x00007ffd3ca90000 - 0x00007ffd3caa6000 	C:\Users\Leandro\.dev\jdk-11\bin\vcruntime140.dll
0x00007ffd30e60000 - 0x00007ffd30f0a000 	C:\Users\Leandro\.dev\jdk-11\bin\msvcp140.dll
0x00007ffd1cb00000 - 0x00007ffd1d641000 	C:\Users\Leandro\.dev\jdk-11\bin\server\jvm.dll
0x00007ffd495c0000 - 0x00007ffd4966a000 	C:\Windows\System32\ADVAPI32.dll
0x00007ffd4a250000 - 0x00007ffd4a2eb000 	C:\Windows\System32\sechost.dll
0x00007ffd4a120000 - 0x00007ffd4a243000 	C:\Windows\System32\RPCRT4.dll
0x00007ffd48dc0000 - 0x00007ffd48dc8000 	C:\Windows\System32\PSAPI.DLL
0x00007ffd3d940000 - 0x00007ffd3d949000 	C:\Windows\SYSTEM32\WSOCK32.dll
0x00007ffd4ab40000 - 0x00007ffd4abab000 	C:\Windows\System32\WS2_32.dll
0x00007ffd3e010000 - 0x00007ffd3e037000 	C:\Windows\SYSTEM32\WINMM.dll
0x00007ffd42060000 - 0x00007ffd4206a000 	C:\Windows\SYSTEM32\VERSION.dll
0x00007ffd46370000 - 0x00007ffd46383000 	C:\Windows\SYSTEM32\kernel.appcore.dll
0x00007ffd3aed0000 - 0x00007ffd3aee1000 	C:\Users\Leandro\.dev\jdk-11\bin\verify.dll
0x00007ffd3c410000 - 0x00007ffd3c5f4000 	C:\Windows\SYSTEM32\DBGHELP.DLL
0x00007ffd3c090000 - 0x00007ffd3c0bc000 	C:\Windows\SYSTEM32\dbgcore.DLL
0x00007ffd48b40000 - 0x00007ffd48bbf000 	C:\Windows\System32\bcryptPrimitives.dll
0x00007ffd3ada0000 - 0x00007ffd3adc8000 	C:\Users\Leandro\.dev\jdk-11\bin\java.dll
0x00007ffd3ae50000 - 0x00007ffd3ae66000 	C:\Users\Leandro\.dev\jdk-11\bin\zip.dll
0x00007ffd3d430000 - 0x00007ffd3d43a000 	C:\Users\Leandro\.dev\jdk-11\bin\jimage.dll
0x00007ffd499e0000 - 0x00007ffd4a115000 	C:\Windows\System32\SHELL32.dll
0x00007ffd46650000 - 0x00007ffd46ddf000 	C:\Windows\SYSTEM32\windows.storage.dll
0x00007ffd4a4f0000 - 0x00007ffd4a843000 	C:\Windows\System32\combase.dll
0x00007ffd47f20000 - 0x00007ffd47f4b000 	C:\Windows\SYSTEM32\Wldp.dll
0x00007ffd4a850000 - 0x00007ffd4a8fe000 	C:\Windows\System32\SHCORE.dll
0x00007ffd4a2f0000 - 0x00007ffd4a345000 	C:\Windows\System32\shlwapi.dll
0x00007ffd483e0000 - 0x00007ffd483ff000 	C:\Windows\SYSTEM32\profapi.dll
0x00007ffd39a00000 - 0x00007ffd39a19000 	C:\Users\Leandro\.dev\jdk-11\bin\net.dll
0x00007ffd416c0000 - 0x00007ffd417c0000 	C:\Windows\SYSTEM32\WINHTTP.dll
0x00007ffd47ca0000 - 0x00007ffd47d0a000 	C:\Windows\system32\mswsock.dll
0x00007ffd36970000 - 0x00007ffd36983000 	C:\Users\Leandro\.dev\jdk-11\bin\nio.dll
0x00007ffd47e70000 - 0x00007ffd47e88000 	C:\Windows\SYSTEM32\CRYPTSP.dll
0x00007ffd475c0000 - 0x00007ffd475f4000 	C:\Windows\system32\rsaenh.dll
0x00007ffd484d0000 - 0x00007ffd484f7000 	C:\Windows\System32\bcrypt.dll
0x00007ffd48360000 - 0x00007ffd4838e000 	C:\Windows\SYSTEM32\USERENV.dll
0x00007ffd47e90000 - 0x00007ffd47e9c000 	C:\Windows\SYSTEM32\CRYPTBASE.dll
0x00007ffd47940000 - 0x00007ffd4797b000 	C:\Windows\SYSTEM32\IPHLPAPI.DLL
0x00007ffd4a9b0000 - 0x00007ffd4a9b9000 	C:\Windows\System32\NSI.dll
0x00007ffd42d20000 - 0x00007ffd42d37000 	C:\Windows\SYSTEM32\dhcpcsvc6.DLL
0x00007ffd42720000 - 0x00007ffd4273d000 	C:\Windows\SYSTEM32\dhcpcsvc.DLL
0x00007ffd47980000 - 0x00007ffd47a4a000 	C:\Windows\SYSTEM32\DNSAPI.dll
0x00007ffd3d410000 - 0x00007ffd3d41a000 	C:\Users\Leandro\AppData\Local\Temp\jansi-1.17.1-643808525233176076.dll
0x00007ffd3aec0000 - 0x00007ffd3aeca000 	C:\Users\Leandro\AppData\Local\Temp\jansi-1.17.1-2971423938157301269.dll

dbghelp: loaded successfully - version: 4.0.5 - missing functions: none
symbol engine: initialized successfully - sym options: 0x614 - pdb path: .;C:\Users\Leandro\.dev\jdk-11\bin;C:\Windows\SYSTEM32;C:\Windows\WinSxS\amd64_microsoft.windows.common-controls_6595b64144ccf1df_6.0.19041.1_none_b555e41d4684ddec;C:\Users\Leandro\.dev\jdk-11\bin\server;C:\Users\Leandro\AppData\Local\Temp

VM Arguments:
jvm_args: -Dmaven.multiModuleProjectDirectory=C:\Users\Leandro\projects\java\rdb-backend-quarkus 
java_command: org.apache.maven.wrapper.MavenWrapperMain quarkus:dev
java_class_path (initial): C:\Users\Leandro\projects\java\rdb-backend-quarkus\.mvn\wrapper\maven-wrapper.jar
Launcher Type: SUN_STANDARD

[Global flags]
     intx CICompilerCount                          = 3                                         {product} {ergonomic}
     uint ConcGCThreads                            = 1                                         {product} {ergonomic}
     uint G1ConcRefinementThreads                  = 4                                         {product} {ergonomic}
   size_t G1HeapRegionSize                         = 1048576                                   {product} {ergonomic}
    uintx GCDrainStackTargetSize                   = 64                                        {product} {ergonomic}
   size_t InitialHeapSize                          = 134217728                                 {product} {ergonomic}
   size_t MarkStackSize                            = 4194304                                   {product} {ergonomic}
   size_t MaxHeapSize                              = 2139095040                                {product} {ergonomic}
   size_t MaxNewSize                               = 1283457024                                {product} {ergonomic}
   size_t MinHeapDeltaBytes                        = 1048576                                   {product} {ergonomic}
    uintx NonNMethodCodeHeapSize                   = 5830092                                {pd product} {ergonomic}
    uintx NonProfiledCodeHeapSize                  = 122914074                              {pd product} {ergonomic}
    uintx ProfiledCodeHeapSize                     = 122914074                              {pd product} {ergonomic}
    uintx ReservedCodeCacheSize                    = 251658240                              {pd product} {ergonomic}
     bool SegmentedCodeCache                       = true                                      {product} {ergonomic}
     bool UseCompressedClassPointers               = true                                 {lp64_product} {ergonomic}
     bool UseCompressedOops                        = true                                 {lp64_product} {ergonomic}
     bool UseG1GC                                  = true                                      {product} {ergonomic}
     bool UseLargePagesIndividualAllocation        = false                                  {pd product} {ergonomic}

Logging:
Log output configuration:
 #0: stdout all=warning uptime,level,tags
 #1: stderr all=off uptime,level,tags

Environment Variables:
JAVA_HOME=C:\Users\Leandro\.dev\jdk-11
PATH=C:\Users\Leandro\.dev\cmder\bin;C:\Users\Leandro\.dev\cmder\vendor\bin;C:\Users\Leandro\.dev\cmder\vendor\git-for-windows\cmd;C:\Program Files (x86)\Embarcadero\Studio\20.0\bin;C:\Users\Leandro\Documents\Embarcadero\Studio\20.0\Bpl;C:\Windows\system32;C:\Windows;C:\Windows\System32\Wbem;C:\Windows\System32\WindowsPowerShell\v1.0\;C:\Windows\System32\OpenSSH\;C:\Program Files\TortoiseSVN\bin;C:\Users\Leandro\.dev\jdk-11\bin;C:\Users\Leandro\.dev\dart-sdk\bin;C:\Users\Leandro\.dev\flutter\bin;C:\Users\Leandro\.dev\cmder;C:\Users\Leandro\.dev\apache-maven-3.6.3\bin;C:\Program Files\dotnet\;C:\Program Files (x86)\NVIDIA Corporation\PhysX\Common;C:\Users\Public\Documents\Embarcadero\Studio\20.0\Bpl;C:\Users\Leandro\AppData\Local\Microsoft\WindowsApps;C:\Users\Leandro\.dev\Microsoft VS Code\bin;C:\Users\Leandro\.dotnet\tools;C:\Users\Leandro\.dev\cmder\vendor\git-for-windows\mingw64\bin;C:\Users\Leandro\.dev\cmder\vendor\git-for-windows\usr\bin
USERNAME=Leandro
OS=Windows_NT
PROCESSOR_IDENTIFIER=Intel64 Family 6 Model 60 Stepping 3, GenuineIntel



---------------  S Y S T E M  ---------------

OS: Windows 10 , 64 bit Build 19041 (10.0.19041.292)

CPU:total 4 (initial active 4) (4 cores per cpu, 1 threads per core) family 6 model 60 stepping 3, cmov, cx8, fxsr, mmx, sse, sse2, sse3, ssse3, sse4.1, sse4.2, popcnt, avx, avx2, aes, clmul, erms, lzcnt, tsc, tscinvbit, bmi1, bmi2, fma

Memory: 4k page, system-wide physical 8157M (2313M free)
TotalPageFile size 9181M (AvailPageFile size 315M)
current process WorkingSet (physical memory assigned to process): 225M, peak: 226M
current process commit charge ("private bytes"): 288M, peak: 308M

vm_info: OpenJDK 64-Bit Server VM (11+28) for windows-amd64 JRE (11+28), built on Aug 23 2018 03:04:58 by "mach5one" with MS VC++ 15.5 (VS2017)

END.
